sample.interval=20000
"open.connection" "open" "read_connection" "structure" "new_datasource" "datasource_raw" "datasource_connection" "datasource" "readr::read_lines" "gis_advisory" "eval" "eval" "%>%" 
"open.connection" "open" "read_connection" "structure" "new_datasource" "datasource_raw" "datasource_connection" "datasource" "readr::read_lines" "gis_advisory" "eval" "eval" "%>%" 
"open.connection" "open" "read_connection" "structure" "new_datasource" "datasource_raw" "datasource_connection" "datasource" "readr::read_lines" "gis_advisory" "eval" "eval" "%>%" 
"open.connection" "open" "read_connection" "structure" "new_datasource" "datasource_raw" "datasource_connection" "datasource" "readr::read_lines" "gis_advisory" "eval" "eval" "%>%" 
"open.connection" "open" "read_connection" "structure" "new_datasource" "datasource_raw" "datasource_connection" "datasource" "readr::read_lines" "gis_advisory" "eval" "eval" "%>%" 
"open.connection" "open" "read_connection" "structure" "new_datasource" "datasource_raw" "datasource_connection" "datasource" "readr::read_lines" "gis_advisory" "eval" "eval" "%>%" 
"open.connection" "open" "read_connection" "structure" "new_datasource" "datasource_raw" "datasource_connection" "datasource" "readr::read_lines" "gis_advisory" "eval" "eval" "%>%" 
"open.connection" "open" "read_connection" "structure" "new_datasource" "datasource_raw" "datasource_connection" "datasource" "readr::read_lines" "gis_advisory" "eval" "eval" "%>%" 
"open.connection" "open" "read_connection" "structure" "new_datasource" "datasource_raw" "datasource_connection" "datasource" "readr::read_lines" "gis_advisory" "eval" "eval" "%>%" 
"open.connection" "open" "read_connection" "structure" "new_datasource" "datasource_raw" "datasource_connection" "datasource" "readr::read_lines" "gis_advisory" "eval" "eval" "%>%" 
"open.connection" "open" "read_connection" "structure" "new_datasource" "datasource_raw" "datasource_connection" "datasource" "readr::read_lines" "gis_advisory" "eval" "eval" "%>%" 
"open.connection" "open" "read_connection" "structure" "new_datasource" "datasource_raw" "datasource_connection" "datasource" "readr::read_lines" "gis_advisory" "eval" "eval" "%>%" 
"open.connection" "open" "read_connection" "structure" "new_datasource" "datasource_raw" "datasource_connection" "datasource" "readr::read_lines" "gis_advisory" "eval" "eval" "%>%" 
"open.connection" "open" "read_connection" "structure" "new_datasource" "datasource_raw" "datasource_connection" "datasource" "readr::read_lines" "gis_advisory" "eval" "eval" "%>%" 
"open.connection" "open" "read_connection" "structure" "new_datasource" "datasource_raw" "datasource_connection" "datasource" "readr::read_lines" "gis_advisory" "eval" "eval" "%>%" 
"close.connection" "close" "read_connection" "structure" "new_datasource" "datasource_raw" "datasource_connection" "datasource" "readr::read_lines" "gis_advisory" "eval" "eval" "%>%" 
".External" "utils::download.file" "gis_download" "function_list[[k]]" "withVisible" "freduce" "_fseq" "eval" "eval" "withVisible" "%>%" 
".External" "utils::download.file" "gis_download" "function_list[[k]]" "withVisible" "freduce" "_fseq" "eval" "eval" "withVisible" "%>%" 
".External" "utils::download.file" "gis_download" "function_list[[k]]" "withVisible" "freduce" "_fseq" "eval" "eval" "withVisible" "%>%" 
".External" "utils::download.file" "gis_download" "function_list[[k]]" "withVisible" "freduce" "_fseq" "eval" "eval" "withVisible" "%>%" 
".External" "utils::download.file" "gis_download" "function_list[[k]]" "withVisible" "freduce" "_fseq" "eval" "eval" "withVisible" "%>%" 
".External" "utils::unzip" "gis_download" "function_list[[k]]" "withVisible" "freduce" "_fseq" "eval" "eval" "withVisible" "%>%" 
".External" "utils::unzip" "gis_download" "function_list[[k]]" "withVisible" "freduce" "_fseq" "eval" "eval" "withVisible" "%>%" 
".Call" "ogrInfo" "withCallingHandlers" "suppressMessages" "rgdal::readOGR" ".f" ".Call" "purrr::map2" "gis_download" "function_list[[k]]" "withVisible" "freduce" "_fseq" "eval" "eval" "withVisible" "%>%" 
"gc" "rgdal::readOGR" ".f" ".Call" "purrr::map2" "gis_download" "function_list[[k]]" "withVisible" "freduce" "_fseq" "eval" "eval" "withVisible" "%>%" 
"gc" "rgdal::readOGR" ".f" ".Call" "purrr::map2" "gis_download" "function_list[[k]]" "withVisible" "freduce" "_fseq" "eval" "eval" "withVisible" "%>%" 
"gc" "rgdal::readOGR" ".f" ".Call" "purrr::map2" "gis_download" "function_list[[k]]" "withVisible" "freduce" "_fseq" "eval" "eval" "withVisible" "%>%" 
"gc" "rgdal::readOGR" ".f" ".Call" "purrr::map2" "gis_download" "function_list[[k]]" "withVisible" "freduce" "_fseq" "eval" "eval" "withVisible" "%>%" 
"gc" "rgdal::readOGR" ".f" ".Call" "purrr::map2" "gis_download" "function_list[[k]]" "withVisible" "freduce" "_fseq" "eval" "eval" "withVisible" "%>%" 
"gc" "rgdal::readOGR" ".f" ".Call" "purrr::map2" "gis_download" "function_list[[k]]" "withVisible" "freduce" "_fseq" "eval" "eval" "withVisible" "%>%" 
"gc" "rgdal::readOGR" ".f" ".Call" "purrr::map2" "gis_download" "function_list[[k]]" "withVisible" "freduce" "_fseq" "eval" "eval" "withVisible" "%>%" 
"gc" "rgdal::readOGR" ".f" ".Call" "purrr::map2" "gis_download" "function_list[[k]]" "withVisible" "freduce" "_fseq" "eval" "eval" "withVisible" "%>%" 
"gc" "rgdal::readOGR" ".f" ".Call" "purrr::map2" "gis_download" "function_list[[k]]" "withVisible" "freduce" "_fseq" "eval" "eval" "withVisible" "%>%" 
"gc" "rgdal::readOGR" ".f" ".Call" "purrr::map2" "gis_download" "function_list[[k]]" "withVisible" "freduce" "_fseq" "eval" "eval" "withVisible" "%>%" 
"gc" "rgdal::readOGR" ".f" ".Call" "purrr::map2" "gis_download" "function_list[[k]]" "withVisible" "freduce" "_fseq" "eval" "eval" "withVisible" "%>%" 
".Call" "ogrInfo" "withCallingHandlers" "suppressMessages" "rgdal::readOGR" ".f" ".Call" "purrr::map2" "gis_download" "function_list[[k]]" "withVisible" "freduce" "_fseq" "eval" "eval" "withVisible" "%>%" 
"gc" "rgdal::readOGR" ".f" ".Call" "purrr::map2" "gis_download" "function_list[[k]]" "withVisible" "freduce" "_fseq" "eval" "eval" "withVisible" "%>%" 
"gc" "rgdal::readOGR" ".f" ".Call" "purrr::map2" "gis_download" "function_list[[k]]" "withVisible" "freduce" "_fseq" "eval" "eval" "withVisible" "%>%" 
"gc" "rgdal::readOGR" ".f" ".Call" "purrr::map2" "gis_download" "function_list[[k]]" "withVisible" "freduce" "_fseq" "eval" "eval" "withVisible" "%>%" 
"gc" "rgdal::readOGR" ".f" ".Call" "purrr::map2" "gis_download" "function_list[[k]]" "withVisible" "freduce" "_fseq" "eval" "eval" "withVisible" "%>%" 
"gc" "rgdal::readOGR" ".f" ".Call" "purrr::map2" "gis_download" "function_list[[k]]" "withVisible" "freduce" "_fseq" "eval" "eval" "withVisible" "%>%" 
"gc" "rgdal::readOGR" ".f" ".Call" "purrr::map2" "gis_download" "function_list[[k]]" "withVisible" "freduce" "_fseq" "eval" "eval" "withVisible" "%>%" 
"gc" "rgdal::readOGR" ".f" ".Call" "purrr::map2" "gis_download" "function_list[[k]]" "withVisible" "freduce" "_fseq" "eval" "eval" "withVisible" "%>%" 
"gc" "rgdal::readOGR" ".f" ".Call" "purrr::map2" "gis_download" "function_list[[k]]" "withVisible" "freduce" "_fseq" "eval" "eval" "withVisible" "%>%" 
"gc" "rgdal::readOGR" ".f" ".Call" "purrr::map2" "gis_download" "function_list[[k]]" "withVisible" "freduce" "_fseq" "eval" "eval" "withVisible" "%>%" 
"gc" "rgdal::readOGR" ".f" ".Call" "purrr::map2" "gis_download" "function_list[[k]]" "withVisible" "freduce" "_fseq" "eval" "eval" "withVisible" "%>%" 
"gc" "rgdal::readOGR" ".f" ".Call" "purrr::map2" "gis_download" "function_list[[k]]" "withVisible" "freduce" "_fseq" "eval" "eval" "withVisible" "%>%" 
"gc" "rgdal::readOGR" ".f" ".Call" "purrr::map2" "gis_download" "function_list[[k]]" "withVisible" "freduce" "_fseq" "eval" "eval" "withVisible" "%>%" 
"gc" "rgdal::readOGR" ".f" ".Call" "purrr::map2" "gis_download" "function_list[[k]]" "withVisible" "freduce" "_fseq" "eval" "eval" "withVisible" "%>%" 
"gc" "rgdal::readOGR" ".f" ".Call" "purrr::map2" "gis_download" "function_list[[k]]" "withVisible" "freduce" "_fseq" "eval" "eval" "withVisible" "%>%" 
"gc" "rgdal::readOGR" ".f" ".Call" "purrr::map2" "gis_download" "function_list[[k]]" "withVisible" "freduce" "_fseq" "eval" "eval" "withVisible" "%>%" 
"grep" "rgdal::checkCRSArgs" "CRS" "is" "stopifnot" "SpatialPolygons" "rgdal::readOGR" ".f" ".Call" "purrr::map2" "gis_download" "function_list[[k]]" "withVisible" "freduce" "_fseq" "eval" "eval" "withVisible" "%>%" 
"gc" "rgdal::readOGR" ".f" ".Call" "purrr::map2" "gis_download" "function_list[[k]]" "withVisible" "freduce" "_fseq" "eval" "eval" "withVisible" "%>%" 
"gc" "rgdal::readOGR" ".f" ".Call" "purrr::map2" "gis_download" "function_list[[k]]" "withVisible" "freduce" "_fseq" "eval" "eval" "withVisible" "%>%" 
"gc" "rgdal::readOGR" ".f" ".Call" "purrr::map2" "gis_download" "function_list[[k]]" "withVisible" "freduce" "_fseq" "eval" "eval" "withVisible" "%>%" 
"gc" "rgdal::readOGR" ".f" ".Call" "purrr::map2" "gis_download" "function_list[[k]]" "withVisible" "freduce" "_fseq" "eval" "eval" "withVisible" "%>%" 
"gc" "rgdal::readOGR" ".f" ".Call" "purrr::map2" "gis_download" "function_list[[k]]" "withVisible" "freduce" "_fseq" "eval" "eval" "withVisible" "%>%" 
"gc" "rgdal::readOGR" ".f" ".Call" "purrr::map2" "gis_download" "function_list[[k]]" "withVisible" "freduce" "_fseq" "eval" "eval" "withVisible" "%>%" 
"%in%" "findCenvVar" "findLocVar" "cmpCall" "cmp" "cmpBuiltinArgs" "h" "tryInline" "cmpCall" "cmp" "cmpBuiltinArgs" "h" "tryInline" "cmpCall" "cmp" "cmpComplexAssign" "h" "tryInline" "cmpCall" "cmp" "h" "tryInline" "cmpCall" "cmp" "h" "tryInline" "cmpCall" "cmp" "genCode" "cmpfun" "doTryCatch" "tryCatchOne" "tryCatchList" "tryCatch" "compiler:::tryCmpfun" "SpatialPolygonsDataFrame" "rgdal::readOGR" ".f" ".Call" "purrr::map2" "gis_download" "function_list[[k]]" "withVisible" "freduce" "_fseq" "eval" "eval" "withVisible" "%>%" 
".Call" "rgdal::readOGR" ".f" ".Call" "purrr::map2" "gis_download" "function_list[[k]]" "withVisible" "freduce" "_fseq" "eval" "eval" "withVisible" "%>%" 
"gc" "rgdal::readOGR" ".f" ".Call" "purrr::map2" "gis_download" "function_list[[k]]" "withVisible" "freduce" "_fseq" "eval" "eval" "withVisible" "%>%" 
"gc" "rgdal::readOGR" ".f" ".Call" "purrr::map2" "gis_download" "function_list[[k]]" "withVisible" "freduce" "_fseq" "eval" "eval" "withVisible" "%>%" 
"gc" "rgdal::readOGR" ".f" ".Call" "purrr::map2" "gis_download" "function_list[[k]]" "withVisible" "freduce" "_fseq" "eval" "eval" "withVisible" "%>%" 
"gc" "rgdal::readOGR" ".f" ".Call" "purrr::map2" "gis_download" "function_list[[k]]" "withVisible" "freduce" "_fseq" "eval" "eval" "withVisible" "%>%" 
"gc" "rgdal::readOGR" ".f" ".Call" "purrr::map2" "gis_download" "function_list[[k]]" "withVisible" "freduce" "_fseq" "eval" "eval" "withVisible" "%>%" 
"gc" "rgdal::readOGR" ".f" ".Call" "purrr::map2" "gis_download" "function_list[[k]]" "withVisible" "freduce" "_fseq" "eval" "eval" "withVisible" "%>%" 
"gc" "rgdal::readOGR" ".f" ".Call" "purrr::map2" "gis_download" "function_list[[k]]" "withVisible" "freduce" "_fseq" "eval" "eval" "withVisible" "%>%" 
"gc" "rgdal::readOGR" ".f" ".Call" "purrr::map2" "gis_download" "function_list[[k]]" "withVisible" "freduce" "_fseq" "eval" "eval" "withVisible" "%>%" 
"gc" "rgdal::readOGR" ".f" ".Call" "purrr::map2" "gis_download" "function_list[[k]]" "withVisible" "freduce" "_fseq" "eval" "eval" "withVisible" "%>%" 
"gc" "rgdal::readOGR" ".f" ".Call" "purrr::map2" "gis_download" "function_list[[k]]" "withVisible" "freduce" "_fseq" "eval" "eval" "withVisible" "%>%" 
"%in%" "findCenvVar" "getInlineInfo" "tryInline" "cmpCall" "cmp" "h" "tryInline" "cmpCall" "cmp" "h" "tryInline" "cmpCall" "cmp" "genCode" "cmpfun" "doTryCatch" "tryCatchOne" "tryCatchList" "tryCatch" "compiler:::tryCmpfun" "SpatialPointsDataFrame" "rgdal::readOGR" ".f" ".Call" "purrr::map2" "gis_download" "function_list[[k]]" "withVisible" "freduce" "_fseq" "eval" "eval" "withVisible" "%>%" 
"$" "findCenvVar" "getInlineInfo" "isBaseVar" "FUN" "lapply" "unlist" "Filter" "findLocalsList" "funEnv" "make.functionContext" "cmpfun" "doTryCatch" "tryCatchOne" "tryCatchList" "tryCatch" "compiler:::tryCmpfun" "asMethod" "as" "validityMethod" "anyStrings" "validObject" "initialize" "initialize" "new" "SpatialPointsDataFrame" "rgdal::readOGR" ".f" ".Call" "purrr::map2" "gis_download" "function_list[[k]]" "withVisible" "freduce" "_fseq" "eval" "eval" "withVisible" "%>%" 
"gc" "rgdal::readOGR" ".f" ".Call" "purrr::map2" "gis_download" "function_list[[k]]" "withVisible" "freduce" "_fseq" "eval" "eval" "withVisible" "%>%" 
"gc" "rgdal::readOGR" ".f" ".Call" "purrr::map2" "gis_download" "function_list[[k]]" "withVisible" "freduce" "_fseq" "eval" "eval" "withVisible" "%>%" 
"gc" "rgdal::readOGR" ".f" ".Call" "purrr::map2" "gis_download" "function_list[[k]]" "withVisible" "freduce" "_fseq" "eval" "eval" "withVisible" "%>%" 
"gc" "rgdal::readOGR" ".f" ".Call" "purrr::map2" "gis_download" "function_list[[k]]" "withVisible" "freduce" "_fseq" "eval" "eval" "withVisible" "%>%" 
"gc" "rgdal::readOGR" ".f" ".Call" "purrr::map2" "gis_download" "function_list[[k]]" "withVisible" "freduce" "_fseq" "eval" "eval" "withVisible" "%>%" 
"gc" "rgdal::readOGR" ".f" ".Call" "purrr::map2" "gis_download" "function_list[[k]]" "withVisible" "freduce" "_fseq" "eval" "eval" "withVisible" "%>%" 
"gc" "rgdal::readOGR" ".f" ".Call" "purrr::map2" "gis_download" "function_list[[k]]" "withVisible" "freduce" "_fseq" "eval" "eval" "withVisible" "%>%" 
"gc" "rgdal::readOGR" ".f" ".Call" "purrr::map2" "gis_download" "function_list[[k]]" "withVisible" "freduce" "_fseq" "eval" "eval" "withVisible" "%>%" 
"gc" "rgdal::readOGR" ".f" ".Call" "purrr::map2" "gis_download" "function_list[[k]]" "withVisible" "freduce" "_fseq" "eval" "eval" "withVisible" "%>%" 
"gc" "rgdal::readOGR" ".f" ".Call" "purrr::map2" "gis_download" "function_list[[k]]" "withVisible" "freduce" "_fseq" "eval" "eval" "withVisible" "%>%" 
"gc" "rgdal::readOGR" ".f" ".Call" "purrr::map2" "gis_download" "function_list[[k]]" "withVisible" "freduce" "_fseq" "eval" "eval" "withVisible" "%>%" 
"gc" "rgdal::readOGR" ".f" ".Call" "purrr::map2" "gis_download" "function_list[[k]]" "withVisible" "freduce" "_fseq" "eval" "eval" "withVisible" "%>%" 
"gc" "rgdal::readOGR" ".f" ".Call" "purrr::map2" "gis_download" "function_list[[k]]" "withVisible" "freduce" "_fseq" "eval" "eval" "withVisible" "%>%" 
"grep" "is.ddsym" "cmpSym" "cmp" "cmpSubsetDispatch" "h" "tryInline" "cmpCall" "cmp" "cmpSymbolAssign" "h" "tryInline" "cmpCall" "cmp" "h" "tryInline" "cmpCall" "cmp" "cmpForBody" "h" "tryInline" "cmpCall" "cmp" "h" "tryInline" "cmpCall" "cmp" "genCode" "cmpfun" "doTryCatch" "tryCatchOne" "tryCatchList" "tryCatch" "compiler:::tryCmpfun" "FUN" "vapply" "fix_replacement" "stri_replace_all_regex" "stringr::str_replace_all" "function_list[[k]]" "withVisible" "freduce" "_fseq" "eval" "eval" "withVisible" "%>%" "gis_download" "function_list[[k]]" "withVisible" "freduce" "_fseq" "eval" "eval" "withVisible" "%>%" 
"h" "tryInline" "cmpCall" "cmp" "h" "tryInline" "cmpCall" "cmp" "genCode" "cmpfun" "doTryCatch" "tryCatchOne" "tryCatchList" "tryCatch" "compiler:::tryCmpfun" "stri_opts_brkiter" "opts" "stri_split_boundaries" "str_split" "FUN" "vapply" "fix_replacement" "stri_replace_all_regex" "stringr::str_replace_all" "function_list[[k]]" "withVisible" "freduce" "_fseq" "eval" "eval" "withVisible" "%>%" "gis_download" "function_list[[k]]" "withVisible" "freduce" "_fseq" "eval" "eval" "withVisible" "%>%" 
"cat" "str.data.frame" "str" "<Anonymous>" "do.call" "strSub" "str.default" "str" "<Anonymous>" "do.call" "strSub" "str.default" "str" "<Anonymous>" "do.call" "strSub" "str.default" "str" "doTryCatch" "tryCatchOne" "tryCatchList" "tryCatch" "try" "eval" "eval" "withVisible" "evalVis" "capture.output" "eval" "doTryCatch" "tryCatchOne" "tryCatchList" "tryCatch" ".rs.withTimeLimit" ".rs.valueFromStr" "doTryCatch" "tryCatchOne" "tryCatchList" "tryCatch" ".rs.valueContents" "<Anonymous>" 
"str" "<Anonymous>" "do.call" "strSub" "str.default" "str" "<Anonymous>" "do.call" "strSub" "str.default" "str" "doTryCatch" "tryCatchOne" "tryCatchList" "tryCatch" "try" "eval" "eval" "withVisible" "evalVis" "capture.output" "eval" "doTryCatch" "tryCatchOne" "tryCatchList" "tryCatch" ".rs.withTimeLimit" ".rs.valueFromStr" "doTryCatch" "tryCatchOne" "tryCatchList" "tryCatch" ".rs.valueContents" "<Anonymous>" 
"getNamespace" "asNamespace" "getExportedValue" "::" "str.default" "str" "<Anonymous>" "do.call" "strSub" "str.default" "str" "<Anonymous>" "do.call" "strSub" "str.default" "str" "<Anonymous>" "do.call" "strSub" "str.default" "str" "<Anonymous>" "do.call" "strSub" "str.default" "str" "<Anonymous>" "do.call" "strSub" "str.default" "str" "<Anonymous>" "do.call" "strSub" "str.default" "str" "<Anonymous>" "do.call" "strSub" "str.default" "str" "<Anonymous>" "do.call" "strSub" "str.default" "str" "<Anonymous>" "do.call" "strSub" "str.default" "str" "doTryCatch" "tryCatchOne" "tryCatchList" "tryCatch" "try" "eval" "eval" "withVisible" "evalVis" "capture.output" "eval" "doTryCatch" "tryCatchOne" "tryCatchList" "tryCatch" ".rs.withTimeLimit" ".rs.valueFromStr" "doTryCatch" "tryCatchOne" "tryCatchList" "tryCatch" ".rs.valueContents" "<Anonymous>" 
"strOptions" "stopifnot" "modifyList" "str.default" "str" "<Anonymous>" "do.call" "strSub" "str.default" "str" "<Anonymous>" "do.call" "strSub" "str.default" "str" "<Anonymous>" "do.call" "strSub" "str.default" "str" "<Anonymous>" "do.call" "strSub" "str.default" "str" "<Anonymous>" "do.call" "strSub" "str.default" "str" "doTryCatch" "tryCatchOne" "tryCatchList" "tryCatch" "try" "eval" "eval" "withVisible" "evalVis" "capture.output" "eval" "doTryCatch" "tryCatchOne" "tryCatchList" "tryCatch" ".rs.withTimeLimit" ".rs.valueFromStr" "doTryCatch" "tryCatchOne" "tryCatchList" "tryCatch" ".rs.valueContents" "<Anonymous>" 
"getExportedValue" "::" "str.default" "str" "<Anonymous>" "do.call" "strSub" "str.default" "str" "<Anonymous>" "do.call" "strSub" "str.default" "str" "<Anonymous>" "do.call" "strSub" "str.default" "str" "<Anonymous>" "do.call" "strSub" "str.default" "str" "<Anonymous>" "do.call" "strSub" "str.default" "str" "<Anonymous>" "do.call" "strSub" "str.default" "str" "<Anonymous>" "do.call" "strSub" "str.default" "str" "doTryCatch" "tryCatchOne" "tryCatchList" "tryCatch" "try" "eval" "eval" "withVisible" "evalVis" "capture.output" "eval" "doTryCatch" "tryCatchOne" "tryCatchList" "tryCatch" ".rs.withTimeLimit" ".rs.valueFromStr" "doTryCatch" "tryCatchOne" "tryCatchList" "tryCatch" ".rs.valueContents" "<Anonymous>" 
